<?xml version="1.0" encoding="UTF-8"?>
<!-- Generated by org.testng.reporters.JUnitReportReporter -->
<testsuite hostname="DESKTOP-SPJE9IU" failures="0" tests="1" name="selenium_course.Order_chronology" time="0.008" errors="0" timestamp="2024-03-10T14:37:29 IST" skipped="0">
  <testcase classname="selenium_course.Order_chronology" name="Test" time="0.008"/>
  <system-out/>
</testsuite> <!-- selenium_course.Order_chronology -->
