<?xml version="1.0" encoding="UTF-8"?>
<!-- Generated by org.testng.reporters.JUnitReportReporter -->
<testsuite hostname="DESKTOP-SPJE9IU" failures="0" tests="1" name="shoes.hushpuppies" time="7.106" errors="0" timestamp="2024-03-10T15:40:22 IST" skipped="0">
  <testcase classname="shoes.hushpuppies" name="Hushpuppies" time="7.106"/>
  <system-out>
    <![CDATA[nike]]>
  </system-out>
</testsuite> <!-- shoes.hushpuppies -->
