<?xml version="1.0" encoding="UTF-8"?>
<!-- Generated by org.testng.reporters.JUnitReportReporter -->
<testsuite hostname="DESKTOP-SPJE9IU" failures="0" tests="4" name="selenium_course.Launch" time="22.767" errors="0" timestamp="2024-03-10T13:23:32 IST" skipped="0">
  <testcase classname="selenium_course.Launch" name="flipkart" time="7.439"/>
  <system-out>
    <![CDATA[redbus]]>
  </system-out>
  <testcase classname="selenium_course.Launch" name="redbus" time="4.751"/>
  <system-out>
    <![CDATA[redbus]]>
  </system-out>
  <testcase classname="selenium_course.Launch" name="flipkart" time="7.426"/>
  <system-out>
    <![CDATA[redbus]]>
  </system-out>
  <testcase classname="selenium_course.Launch" name="Amazon" time="3.151"/>
  <system-out>
    <![CDATA[redbus]]>
  </system-out>
</testsuite> <!-- selenium_course.Launch -->
