<?xml version="1.0" encoding="UTF-8"?>
<!-- Generated by org.testng.reporters.JUnitReportReporter -->
<testsuite hostname="DESKTOP-SPJE9IU" failures="0" tests="2" name="parameters.Parameter_basic" time="11.332" errors="0" timestamp="2024-03-16T12:44:27 IST" skipped="0">
  <testcase classname="parameters.Parameter_basic" name="dws1" time="4.837"/>
  <system-out/>
  <testcase classname="parameters.Parameter_basic" name="dws" time="6.495"/>
  <system-out/>
</testsuite> <!-- parameters.Parameter_basic -->
