<?xml version="1.0" encoding="UTF-8"?>
<!-- Generated by org.testng.reporters.JUnitReportReporter -->
<testsuite hostname="DESKTOP-SPJE9IU" failures="0" tests="1" name="bike_pack.BMW" time="44.452" errors="0" timestamp="2024-03-10T15:25:11 IST" skipped="0">
  <testcase classname="bike_pack.BMW" name="bMW" time="44.452"/>
  <system-out>
    <![CDATA[bmw]]>
  </system-out>
</testsuite> <!-- bike_pack.BMW -->
